TerminatorVN Crash Dump Wed Mar 4 11:05:35 UTC 2020

Error: Cannot declare class Bar\Zzkino\Main because the name is already in use
File: /Bar-v1/src/Bar/Zzkino/Main
Line: 17
Type: E_COMPILE_ERROR

THIS CRASH WAS CAUSED BY A PLUGIN

Code:
[8] use pocketmine\plugin\PluginBase;
[9] use pocketmine\utils\TextFormat;
[10] use pocketmine\utils\Config;
[11] use onebone\economyapi\EconomyAPI;
[12] use src\Coin\Main;
[13] use pocketmine\item\Item;
[14] use _64FF00\PurePerms\PurePerms;
[15] use pocketmine\FactionsPro\FactionMain;
[16] 
[17] class Main extends PluginBase implements Listener {
[18] 
[19]  	public function onEnable() {
[20]  		$this->getServer()->getPluginManager()->registerEvents($this, $this);
[21]  		$this->EconomyAPI = $this->getServer()->getPluginManager()->getPlugin("EconomyAPI");
[22]          $this->CoinAPI = $this->getServer()->getPluginManager()->getPlugin("CoinAPI");
[23]          $this->TicketAPI = $this->getServer()->getPluginManager()->getPlugin("TicketAPI");
[24]  		$this->PurePerms = $this->getServer()->getPluginManager()->getPlugin('PurePerms');
[25]  		$this->FactionPro = $this->getServer()->getPluginManager()->getPlugin("FactionsPro");
[26]          $this->cs = $this->getServer()->getPluginManager()->getPlugin("TaiSinh");
[27]       $this->getServer()->getScheduler()->scheduleRepeatingTask(new PanelTask($this), 10);

Backtrace:
#0 (): pocketmine\Server->crashDump(boolean)

TerminatorVN version: 0000000000000000000000000000000000000000 [Protocol 113; API 3.0.1]
uname -a: Windows NT Vps05 6.3 build 9600 (Windows Server 2012 R2 Datacenter Edition) AMD64
PHP version: 7.3.14
Zend version: 3.3.14
OS : WINNT, win

Server uptime: 0 seconds
Number of loaded worlds: 0
Players online: 0/100

Loaded plugins:
Alias 1.2.0 by ZacHack for API(s) 1.12.0, 3.0.0-ALPHA6
Lixi 2 by  for API(s) 2.0.0
CoinAPI 1 by  for API(s) 1.0.0, 2.0.0, 3.0.0
EconomyAPI 2.0.9 by onebone for API(s) 1.0.0, 1.1.0, 1.2.0, 1.2.1, 1.3.0, 1.3.1, 1.4.0, 1.4.1
EconomySell 2.0.7 by onebone for API(s) 1.12.0
EconomyShop 2.0.7 by onebone for API(s) 1.12.0
EssentialsPE 2.0.0 by LegendsOfMCPE Team for API(s) 3.0.0-ALPHA6
KeepInventory 1.0 by KhoaGamingPro for API(s) 3.0.0
KillChat 1.0.2.MOD by Array for API(s) 1.9.0, 2.0.0
MagicWE 0.2.6 by thebigsmileXD for API(s) 1.13.0, 2.0.0
ManyWorlds 2.0.3 by aliuly for API(s) 2.0.0, 1.13.0
MSpawns 1.5 by EvolSoft for API(s) 1.11.0
NoAD 1.0.1 by Vaivez66 for API(s) 1.12.0
NoFrameDrop 1 by  for API(s) 3.0.0, 3.0.1, 3.0.0-ALPHA1, 3.0.0-ALPHA2, 3.0.0-ALPHA3, 3.0.0-ALPHA3, 3.0.0-ALPHA4, 3.0.0-ALPHA5, 3.0.0-ALPHA6
PlayerSize 1 by SoiCon for API(s) 3.0.0-ALPHA7
PurePerms 1.3.7 by 64FF00 & ProjectInfinity for API(s) 1.13.0, 2.0.0
Sell 2 by Muqsit for API(s) 2.0.0
ServerAuth 2.12 by EvolSoft for API(s) 1.11.0
Slapper 1.3.5 by jojoe77777 for API(s) 3.0.0-ALPHA5, 3.0.0-ALPHA6
SpawnParticles 1 by UnknownCoderPro for API(s) 3.0.0, 3.2.0, 3.3.0, 4.0.0
TapToDo 2.2.1 by Falk for API(s) 1.0.0
VoteReward 3.0.2 by LDX for API(s) 1.12.0, 2.0.0
WorldEdit 3.2 by ByZikenPE for API(s) 1.13.0
WorldProtect 2.2.0 by aliuly for API(s) 1.10.0, 1.12.0
