TerminatorVN Crash Dump Fri Mar 6 00:15:40 UTC 2020

Error: Class Reincarnated\Main not found
File: /src/spl/BaseClassLoader
Line: 144
Type: notice

THIS CRASH WAS CAUSED BY A PLUGIN

Code:
[135] 
[136] 			if(method_exists($name, "onClassLoaded") and (new ReflectionClass($name))->getMethod("onClassLoaded")->isStatic()){
[137] 				$name::onClassLoaded();
[138] 			}
[139] 			
[140] 			$this->classes[] = $name;
[141] 
[142] 			return true;
[143] 		}elseif($this->getParent() === null){
[144] 			throw new ClassNotFoundException("Class $name not found");
[145] 		}
[146] 
[147] 		return false;
[148] 	}
[149] 
[150] 	/**
[151] 	 * Returns the path for the class, if any
[152] 	 *
[153] 	 * @param string $name
[154] 	 *

Backtrace:
#0 (): spl_autoload_call(string Reincarnated\Main)
#1 /src/pocketmine/plugin/FolderPluginLoader(76): class_exists(string Reincarnated\Main, boolean 1)
#2 /src/pocketmine/plugin/PluginManager(159): pocketmine\plugin\FolderPluginLoader->loadPlugin(string C:\Users\NguyenVanTinh\Desktop\MineTinh\plugins\chuyensinh by Jero)
#3 /src/pocketmine/plugin/PluginManager(346): pocketmine\plugin\PluginManager->loadPlugin(string C:\Users\NguyenVanTinh\Desktop\MineTinh\plugins\chuyensinh by Jero, array Array())
#4 /src/pocketmine/Server(1889): pocketmine\plugin\PluginManager->loadPlugins(string C:\Users\NguyenVanTinh\Desktop\MineTinh\plugins\)
#5 /src/pocketmine/PocketMine(492): pocketmine\Server->__construct(BaseClassLoader object, pocketmine\utils\MainLogger object, string phar://C:\Users\NguyenVanTinh\Desktop\MineTinh\PocketMine-MP.phar/, string C:\Users\NguyenVanTinh\Desktop\MineTinh\, string C:\Users\NguyenVanTinh\Desktop\MineTinh\plugins\)
#6 (1): require_once(string phar://C:/Users/NguyenVanTinh/Desktop/MineTinh/PocketMine-MP.phar/src/pocketmine/PocketMine.php)

TerminatorVN version: 0000000000000000000000000000000000000000 [Protocol 113; API 3.0.1]
uname -a: Windows NT Vps05 6.3 build 9600 (Windows Server 2012 R2 Datacenter Edition) AMD64
PHP version: 7.3.14
Zend version: 3.3.14
OS : WINNT, win

Server uptime: 0 seconds
Number of loaded worlds: 0
Players online: 0/100

Loaded plugins:
AutoInv 1.0.1 by HotshotHD for API(s) 1.12.0, 1.13.0
Lixi 2 by  for API(s) 2.0.0
CoinAPI 1 by  for API(s) 1.0.0, 2.0.0, 3.0.0
EconomyAPI 2.0.9 by onebone for API(s) 1.0.0, 1.1.0, 1.2.0, 1.2.1, 1.3.0, 1.3.1, 1.4.0, 1.4.1
EconomySell 2.0.7 by onebone for API(s) 1.12.0
EconomyShop 2.0.7 by onebone for API(s) 1.12.0
EssentialsPE 2.0.0 by LegendsOfMCPE Team for API(s) 3.0.0-ALPHA6
KeepInventory 1.0 by KhoaGamingPro for API(s) 3.0.0
KillChat 1.0.2.MOD by Array for API(s) 1.9.0, 2.0.0
MagicWE 0.2.6 by thebigsmileXD for API(s) 1.13.0, 2.0.0
ManyWorlds 2.0.3 by aliuly for API(s) 2.0.0, 1.13.0
MSpawns 1.5 by EvolSoft for API(s) 1.11.0
NoAD 1.0.1 by Vaivez66 for API(s) 1.12.0
NoFrameDrop 1 by  for API(s) 3.0.0, 3.0.1, 3.0.0-ALPHA1, 3.0.0-ALPHA2, 3.0.0-ALPHA3, 3.0.0-ALPHA3, 3.0.0-ALPHA4, 3.0.0-ALPHA5, 3.0.0-ALPHA6
PlayerSize 1 by SoiCon for API(s) 3.0.0-ALPHA7
PurePerms 1.3.7 by 64FF00 & ProjectInfinity for API(s) 1.13.0, 2.0.0
Sell 2 by Muqsit for API(s) 2.0.0
ServerAuth 2.12 by EvolSoft for API(s) 1.11.0
Slapper 1.3.5 by jojoe77777 for API(s) 3.0.0-ALPHA5, 3.0.0-ALPHA6
SpawnParticles 1 by UnknownCoderPro for API(s) 3.0.0, 3.2.0, 3.3.0, 4.0.0
TapToDo 2.2.1 by Falk for API(s) 1.0.0
VoteReward 3.0.2 by LDX for API(s) 1.12.0, 2.0.0
WorldEdit 3.2 by ByZikenPE for API(s) 1.13.0
WorldProtect 2.2.0 by aliuly for API(s) 1.10.0, 1.12.0
WingAngry 1.3 by vk.com/eddir for API(s) 1.0.0
WingBubble 1.3 by vk.com/eddir for API(s) 1.0.0
BuyEnchant 1 by  for API(s) 2.0.0
Bar 1 by LocVlogTM for API(s) 1.0.0, 2.0.0, 2.1.0, 3.0.0, 3.0.0-ALPHA1, 3.0.0-ALPHA2, 3.0.0-ALPHA3, 3.0.0-ALPHA4
