TerminatorVN Crash Dump Thu Mar 5 15:09:51 UTC 2020

Error: Declaration of awzaw\notp\Main::onCommand(pocketmine\command\CommandSender $issuer, pocketmine\command\Command $cmd, string $label, array $args): bool must be compatible with pocketmine\plugin\PluginBase::onCommand(pocketmine\command\CommandSender $sender, pocketmine\command\Command $command, $label, array $args)
File: /NoTP (1).phar/src/awzaw/notp/Main
Line: 13
Type: E_COMPILE_ERROR

THIS CRASH WAS CAUSED BY A PLUGIN

Code:
[4] 
[5] use pocketmine\command\Command;
[6] use pocketmine\command\CommandSender;
[7] use pocketmine\event\Listener;
[8] use pocketmine\Player;
[9] use pocketmine\utils\TextFormat;
[10] use pocketmine\plugin\PluginBase;
[11] use pocketmine\event\player\PlayerCommandPreprocessEvent;
[12] 
[13] class Main extends PluginBase implements Listener {
[14] 
[15]     private $enabled;
[16] 
[17]     public function onEnable() {
[18]         $this->enabled = [];
[19]         $this->getServer()->getPluginManager()->registerEvents($this, $this);
[20]     }
[21] 
[22]     public function onCommand(CommandSender $issuer, Command $cmd, string $label, array $args) : bool{
[23]         if ((strtolower($cmd->getName()) == "notp") && !(isset($args[0])) && ($issuer instanceof Player) && ($issuer->hasPermission("notp.toggle") || $issuer->hasPermission("notp.toggle.self"))) {

Backtrace:
#0 (): pocketmine\Server->crashDump(boolean)

TerminatorVN version: 0000000000000000000000000000000000000000 [Protocol 113; API 3.0.1]
uname -a: Windows NT Vps05 6.3 build 9600 (Windows Server 2012 R2 Datacenter Edition) AMD64
PHP version: 7.3.14
Zend version: 3.3.14
OS : WINNT, win

Server uptime: 0 seconds
Number of loaded worlds: 0
Players online: 0/100

Loaded plugins:
AutoInv 1.0.1 by HotshotHD for API(s) 1.12.0, 1.13.0
BuilderTools 1.1.0-beta2 by CzechPMDevs, VixikCZ for API(s) 3.0.0
