TerminatorVN Crash Dump Fri Mar 6 11:34:21 UTC 2020

Error: Allowed memory size of 134217728 bytes exhausted (tried to allocate 4194312 bytes)
File: /MagicWE_v0.2.6.phar/src/MagicWE/Main
Line: 315
Type: E_ERROR

THIS CRASH WAS CAUSED BY A PLUGIN
BAD PLUGIN : MagicWE v0.2.6

Code:
[306] 		$pos = new Vector3(min($pos1->x, $pos2->x), min($pos1->y, $pos2->y), min($pos1->z, $pos2->z));
[307] 		if(!isset($this->undo[$player->getName()])) $this->undo[$player->getName()] = [];
[308] 		$undoindex = count(array_keys($this->undo[$player->getName()]));
[309] 		$this->undo[$player->getName()][$undoindex] = [];
[310] 		for($x = $pos->x; $x <= max($pos1->x, $pos2->x); $x++){
[311] 			for($y = $pos->y; $y <= max($pos1->y, $pos2->y); $y++){
[312] 				if($y > self::$MAX_BUILD_HEIGHT || $y < 0) continue;
[313] 				for($z = $pos->z; $z <= max($pos1->z, $pos2->z); $z++){
[314] 					if(!$level->isChunkLoaded($x >> 4, $z >> 4)) $level->loadChunk($x >> 4, $z >> 4, true);
[315] 					array_push($this->undo[$player->getName()][$undoindex], $level->getBlock($vec = new Vector3($x, $y, $z)));
[316] 					$blockstring = $blocks[array_rand($blocks, 1)];
[317] 					$block = Item::fromString($blockstring)->getBlock();
[318] 					if($block->getId() === 0 && !(strtolower(explode(":", $blockstring)[0]) == "air" || explode(":", $blockstring)[0] == "0")){
[319] 						$player->sendMessage(TextFormat::RED . '[MagicWE] No such block/item found: "' . $blockstring . '", aborting');
[320] 						$player->sendMessage(TextFormat::RED . "[MagicWE] Fill failed.");
[321] 						return;
[322] 					}
[323] 					// $level->setBlockIdAt($x, $y, $z, $block->getId());
[324] 					// $level->setBlockDataAt($x, $y, $z, $block->getDamage());
[325] 					if($level->setBlock($vec, $block, false, false)) $changed++;

Backtrace:
#0 (): pocketmine\Server->crashDump(boolean)

TerminatorVN version: 0000000000000000000000000000000000000000 [Protocol 113; API 3.0.1]
uname -a: Windows NT Vps05 6.3 build 9600 (Windows Server 2012 R2 Datacenter Edition) AMD64
PHP version: 7.3.14
Zend version: 3.3.14
OS : WINNT, win

Server uptime: 3 hours 1 minutes 20 seconds
Number of loaded worlds: 5
Players online: 2/20

Loaded plugins:
AutoInv 1.0.1 by HotshotHD for API(s) 1.12.0, 1.13.0
Lixi 2 by  for API(s) 2.0.0
CoinAPI 1 by  for API(s) 1.0.0, 2.0.0, 3.0.0
EconomyAPI 2.0.9 by onebone for API(s) 1.0.0, 1.1.0, 1.2.0, 1.2.1, 1.3.0, 1.3.1, 1.4.0, 1.4.1
EconomySell 2.0.7 by onebone for API(s) 1.12.0
EconomyShop 2.0.7 by onebone for API(s) 1.12.0
EssentialsPE 2.0.0 by LegendsOfMCPE Team for API(s) 3.0.0-ALPHA6
KeepInventory 1.0 by KhoaGamingPro for API(s) 3.0.0
KillChat 1.0.2.MOD by Array for API(s) 1.9.0, 2.0.0
MagicWE 0.2.6 by thebigsmileXD for API(s) 1.13.0, 2.0.0
ManyWorlds 2.0.3 by aliuly for API(s) 2.0.0, 1.13.0
MSpawns 1.5 by EvolSoft for API(s) 1.11.0
NoAD 1.0.1 by Vaivez66 for API(s) 1.12.0
NoFrameDrop 1 by  for API(s) 3.0.0, 3.0.1, 3.0.0-ALPHA1, 3.0.0-ALPHA2, 3.0.0-ALPHA3, 3.0.0-ALPHA3, 3.0.0-ALPHA4, 3.0.0-ALPHA5, 3.0.0-ALPHA6
PlayerSize 1 by SoiCon for API(s) 3.0.0-ALPHA7
PurePerms 1.3.7 by 64FF00 & ProjectInfinity for API(s) 1.13.0, 2.0.0
Sell 2 by Muqsit for API(s) 2.0.0
ServerAuth 2.12 by EvolSoft for API(s) 1.11.0
Slapper 1.3.5 by jojoe77777 for API(s) 3.0.0-ALPHA5, 3.0.0-ALPHA6
SpawnParticles 1 by UnknownCoderPro for API(s) 3.0.0, 3.2.0, 3.3.0, 4.0.0
TapToDo 2.2.1 by Falk for API(s) 1.0.0
VoteReward 3.0.2 by LDX for API(s) 1.12.0, 2.0.0
WorldEdit 3.2 by ByZikenPE for API(s) 1.13.0
WorldProtect 2.2.0 by aliuly for API(s) 1.10.0, 1.12.0
WingAngry 1.3 by vk.com/eddir for API(s) 1.0.0
WingBubble 1.3 by vk.com/eddir for API(s) 1.0.0
BuyEnchant 1 by  for API(s) 2.0.0
Bar 1 by LocVlogTM for API(s) 1.0.0, 2.0.0, 2.1.0, 3.0.0, 3.0.0-ALPHA1, 3.0.0-ALPHA2, 3.0.0-ALPHA3, 3.0.0-ALPHA4
ChuyenSinh 2 by Ghast Noob [Edit by NCD, Master Jero, CurlliestDrake66] for API(s) 2.0.0
CmdSnooper 1.0.0 by HotshotHD for API(s) 3.1.1
CuaHang 1 by Jero, Cur for API(s) 2.0.0
WingEnchant 1.3 by vk.com/eddir for API(s) 1.0.0
WingFlame 1.3 by vk.com/eddir for API(s) 1.0.0
WingFire 1.3 by vk.com/eddir for API(s) 1.0.0
WingHappy 1.3 by vk.com/eddir for API(s) 1.0.0
WingHeart 1.3 by vk.com/eddir for API(s) 1.0.0
WingLavaDrip 1.3 by vk.com/eddir for API(s) 1.0.0
WingLava 1.3 by vk.com/eddir for API(s) 1.0.0
CRAFT 2.0.9 by  for API(s) 3.0.0, 3.0.1
WingMobSpell 1.3 by vk.com/eddir for API(s) 1.0.0
BuyKIT 1 by Phuongaz for API(s) 2.0.0
NoTP 1.0.0 by Ghast Noob for API(s) 2.0.0
WingPortal 1.3 by vk.com/eddir for API(s) 1.0.0
WingRain 1.3 by vk.com/eddir for API(s) 1.0.0
WingRedstone 1.3 by vk.com/eddir for API(s) 1.0.0
WingSmoke 1.3 by vk.com/eddir for API(s) 1.0.0
WingSpore 1.3 by vk.com/eddir for API(s) 1.0.0
Trade 1 by Jero for API(s) 2.0.0, 3.0.0
WingWaterDrip 1.3 by vk.com/eddir for API(s) 1.0.0
WingWater 1.3 by vk.com/eddir for API(s) 1.0.0
PureChat 1.4.0 by 64FF00 for API(s) 1.13.0, 2.0.0
FactionsPro 1.3.11-5 by Tethered_ for API(s) 3.0.0
RankUp 0.3.1 by LocVlogTM for API(s) 1.4.0
SkyBlock 2 by no name (update to 1.2.10 by MyMyMoly) for API(s) 3.0.0-ALPHA11
